<?xml version="1.0" encoding="UTF-8"?>
<testsuites name="jest tests" tests="9" failures="0" time="2.413">
  <testsuite name="stack.spec.ts" errors="0" failures="0" skipped="0" timestamp="2020-01-13T14:50:19" time="0.825" tests="5">
    <testcase classname="Stack › stack of strings-stack is empty" name="Stack › stack of strings-stack is empty" time="0.004">
    </testcase>
    <testcase classname="Stack › stack of strings-push data" name="Stack › stack of strings-push data" time="0">
    </testcase>
    <testcase classname="Stack › stack of strings-stack is not empty" name="Stack › stack of strings-stack is not empty" time="0">
    </testcase>
    <testcase classname="Stack › stack of strings-pop data" name="Stack › stack of strings-pop data" time="0.001">
    </testcase>
    <testcase classname="Stack › stack of strings-stack is empty" name="Stack › stack of strings-stack is empty" time="0">
    </testcase>
  </testsuite>
  <testsuite name="resizable-array.spec.ts" errors="0" failures="0" skipped="0" timestamp="2020-01-13T14:50:19" time="1.926" tests="4">
    <testcase classname="ResizableArray › array of numbers-array is empty" name="ResizableArray › array of numbers-array is empty" time="0.003">
    </testcase>
    <testcase classname="ResizableArray › array of numbers-array push data" name="ResizableArray › array of numbers-array push data" time="0.001">
    </testcase>
    <testcase classname="ResizableArray › array of numbers-array increase size" name="ResizableArray › array of numbers-array increase size" time="0">
    </testcase>
    <testcase classname="ResizableArray › array of numbers-array decrease size" name="ResizableArray › array of numbers-array decrease size" time="0.001">
    </testcase>
  </testsuite>
</testsuites>